<?xml version="1.0" encoding="UTF-8"?>
<!-- Generated by org.testng.reporters.JUnitXMLReporter -->
<testsuite ignored="0" hostname="Admin-PC" failures="0" tests="2" name="Default test" time="0.107" errors="0" timestamp="2022-05-28T23:20:53 IST">
  <testcase classname="testClass.LastClass" name="@BeforeTest LaunchBrowser" time="-1.653760252894E9">
    <failure type="org.testng.TestNGException" message="
Parameter &amp;apos;Browsername&amp;apos; is required by BeforeTest on method LaunchBrowser but has not been marked @Optional or defined
in C:\Users\Admin\AppData\Local\Temp\testng-eclipse--1456409205\testng-customsuite.xml">
      <![CDATA[org.testng.TestNGException: 
Parameter 'Browsername' is required by BeforeTest on method LaunchBrowser but has not been marked @Optional or defined
in C:\Users\Admin\AppData\Local\Temp\testng-eclipse--1456409205\testng-customsuite.xml
at org.testng.internal.Parameters.createParams(Parameters.java:270)
at org.testng.internal.Parameters.createParametersForMethod(Parameters.java:358)
at org.testng.internal.Parameters.createParameters(Parameters.java:700)
at org.testng.internal.Parameters.createConfigurationParameters(Parameters.java:168)
at org.testng.internal.ConfigInvoker.invokeConfigurations(ConfigInvoker.java:302)
at org.testng.TestRunner.invokeTestConfigurations(TestRunner.java:637)
at org.testng.TestRunner.beforeRun(TestRunner.java:627)
at org.testng.TestRunner.run(TestRunner.java:589)
at org.testng.SuiteRunner.runTest(SuiteRunner.java:377)
at org.testng.SuiteRunner.runSequentially(SuiteRunner.java:371)
at org.testng.SuiteRunner.privateRun(SuiteRunner.java:332)
at org.testng.SuiteRunner.run(SuiteRunner.java:276)
at org.testng.SuiteRunnerWorker.runSuite(SuiteRunnerWorker.java:53)
at org.testng.SuiteRunnerWorker.run(SuiteRunnerWorker.java:96)
at org.testng.TestNG.runSuitesSequentially(TestNG.java:1212)
at org.testng.TestNG.runSuitesLocally(TestNG.java:1134)
at org.testng.TestNG.runSuites(TestNG.java:1063)
at org.testng.TestNG.run(TestNG.java:1031)
at org.testng.remote.AbstractRemoteTestNG.run(AbstractRemoteTestNG.java:115)
at org.testng.remote.RemoteTestNG.initAndRun(RemoteTestNG.java:251)
at org.testng.remote.RemoteTestNG.main(RemoteTestNG.java:77)
]]>
    </failure>
  </testcase> <!-- @BeforeTest LaunchBrowser -->
  <testcase classname="testClass.LastClass" name="@BeforeClass CreatePOMobjects" time="-1.653760252938E9">
    <skipped/>
  </testcase> <!-- @BeforeClass CreatePOMobjects -->
  <testcase classname="testClass.LastClass" name="@BeforeMethod LogInToApplication" time="-1.653760252957E9">
    <skipped/>
  </testcase> <!-- @BeforeMethod LogInToApplication -->
  <testcase classname="testClass.LastClass" name="@AfterMethod LogOutFromApplication" time="-1.65376025297E9">
    <skipped/>
  </testcase> <!-- @AfterMethod LogOutFromApplication -->
  <testcase classname="testClass.LastClass" name="@BeforeMethod LogInToApplication" time="-1.653760252974E9">
    <skipped/>
  </testcase> <!-- @BeforeMethod LogInToApplication -->
  <testcase classname="testClass.LastClass" name="@AfterMethod LogOutFromApplication" time="-1.653760252982E9">
    <skipped/>
  </testcase> <!-- @AfterMethod LogOutFromApplication -->
  <testcase classname="testClass.LastClass" name="@AfterClass ClearPOMobjects" time="-1.653760252985E9">
    <skipped/>
  </testcase> <!-- @AfterClass ClearPOMobjects -->
  <testcase classname="testClass.LastClass" name="@AfterTest CloseBrowser" time="-1.653760252991E9">
    <skipped/>
  </testcase> <!-- @AfterTest CloseBrowser -->
  <testcase classname="testClass.LastClass" name="VerifyFriendsTab" time="0.0">
    <skipped/>
  </testcase> <!-- VerifyFriendsTab -->
  <testcase classname="testClass.LastClass" name="VerifyWatchTab" time="0.0">
    <skipped/>
  </testcase> <!-- VerifyWatchTab -->
</testsuite> <!-- Default test -->
