<?xml version="1.0" encoding="UTF-8"?>
<!-- Generated by org.testng.reporters.JUnitXMLReporter -->
<testsuite ignored="0" hostname="Admin-PC" failures="1" tests="2" name="ChromeTest" time="80.53" errors="0" timestamp="2022-05-31T11:42:58 IST">
  <testcase classname="testClass.LastClass" name="VerifyFriendsTab" time="33.372">
    <failure type="java.lang.AssertionError" message="expected [(2) Facebook] but found [Facebook]">
      <![CDATA[java.lang.AssertionError: expected [(2) Facebook] but found [Facebook]
at testClass.LastClass.VerifyFriendsTab(LastClass.java:90)
at java.base/java.util.ArrayList.forEach(ArrayList.java:1511)
... Removed 33 stack frames]]>
    </failure>
  </testcase> <!-- VerifyFriendsTab -->
  <testcase classname="testClass.LastClass" name="VerifyWatchTab" time="7.075"/>
</testsuite> <!-- ChromeTest -->
