<?xml version="1.0" encoding="UTF-8"?>
<testng-results ignored="0" total="4" passed="3" failed="1" skipped="0">
  <reporter-output>
  </reporter-output>
  <suite started-at="2022-05-28T23:21:19 IST" name="Suite" finished-at="2022-05-28T23:23:50 IST" duration-ms="151011">
    <groups>
    </groups>
    <test started-at="2022-05-28T23:21:19 IST" name="ChromeTest" finished-at="2022-05-28T23:22:10 IST" duration-ms="51234">
      <class name="testClass.LastClass">
        <test-method is-config="true" signature="LaunchBrowser(java.lang.String)[pri:0, instance:testClass.LastClass@2053d869]" started-at="2022-05-28T23:21:19 IST" name="LaunchBrowser" finished-at="2022-05-28T23:21:23 IST" duration-ms="3665" status="PASS">
          <params>
            <param index="0">
              <value>
                <![CDATA[Chrome]]>
              </value>
            </param>
          </params>
          <reporter-output>
          </reporter-output>
        </test-method> <!-- LaunchBrowser -->
        <test-method is-config="true" signature="CreatePOMobjects()[pri:0, instance:testClass.LastClass@2053d869]" started-at="2022-05-28T23:21:23 IST" name="CreatePOMobjects" finished-at="2022-05-28T23:21:23 IST" duration-ms="55" status="PASS">
          <reporter-output>
          </reporter-output>
        </test-method> <!-- CreatePOMobjects -->
        <test-method is-config="true" signature="LogInToApplication()[pri:0, instance:testClass.LastClass@2053d869]" started-at="2022-05-28T23:21:23 IST" name="LogInToApplication" finished-at="2022-05-28T23:21:33 IST" duration-ms="10058" status="PASS">
          <reporter-output>
          </reporter-output>
        </test-method> <!-- LogInToApplication -->
        <test-method signature="VerifyFriendsTab()[pri:0, instance:testClass.LastClass@2053d869]" started-at="2022-05-28T23:21:33 IST" name="VerifyFriendsTab" finished-at="2022-05-28T23:21:49 IST" duration-ms="16213" status="PASS">
          <reporter-output>
          </reporter-output>
        </test-method> <!-- VerifyFriendsTab -->
        <test-method is-config="true" signature="LogOutFromApplication(org.testng.ITestResult)[pri:0, instance:testClass.LastClass@2053d869]" started-at="2022-05-28T23:21:49 IST" name="LogOutFromApplication" finished-at="2022-05-28T23:21:56 IST" duration-ms="6702" status="PASS">
          <params>
            <param index="0">
              <value>
                <![CDATA[[TestResult name=VerifyFriendsTab status=SUCCESS method=LastClass.VerifyFriendsTab()[pri:0, instance:testClass.LastClass@2053d869] output={null}]]]>
              </value>
            </param>
          </params>
          <reporter-output>
          </reporter-output>
        </test-method> <!-- LogOutFromApplication -->
        <test-method is-config="true" signature="LogInToApplication()[pri:0, instance:testClass.LastClass@2053d869]" started-at="2022-05-28T23:21:56 IST" name="LogInToApplication" finished-at="2022-05-28T23:21:58 IST" duration-ms="2081" status="PASS">
          <reporter-output>
          </reporter-output>
        </test-method> <!-- LogInToApplication -->
        <test-method signature="VerifyWatchTab()[pri:0, instance:testClass.LastClass@2053d869]" started-at="2022-05-28T23:21:58 IST" name="VerifyWatchTab" finished-at="2022-05-28T23:22:04 IST" duration-ms="5754" status="PASS">
          <reporter-output>
          </reporter-output>
        </test-method> <!-- VerifyWatchTab -->
        <test-method is-config="true" signature="LogOutFromApplication(org.testng.ITestResult)[pri:0, instance:testClass.LastClass@2053d869]" started-at="2022-05-28T23:22:04 IST" name="LogOutFromApplication" finished-at="2022-05-28T23:22:08 IST" duration-ms="4469" status="PASS">
          <params>
            <param index="0">
              <value>
                <![CDATA[[TestResult name=VerifyWatchTab status=SUCCESS method=LastClass.VerifyWatchTab()[pri:0, instance:testClass.LastClass@2053d869] output={null}]]]>
              </value>
            </param>
          </params>
          <reporter-output>
          </reporter-output>
        </test-method> <!-- LogOutFromApplication -->
        <test-method is-config="true" signature="ClearPOMobjects()[pri:0, instance:testClass.LastClass@2053d869]" started-at="2022-05-28T23:22:08 IST" name="ClearPOMobjects" finished-at="2022-05-28T23:22:08 IST" duration-ms="1" status="PASS">
          <reporter-output>
          </reporter-output>
        </test-method> <!-- ClearPOMobjects -->
        <test-method is-config="true" signature="CloseBrowser()[pri:0, instance:testClass.LastClass@2053d869]" started-at="2022-05-28T23:22:08 IST" name="CloseBrowser" finished-at="2022-05-28T23:22:10 IST" duration-ms="2145" status="PASS">
          <reporter-output>
          </reporter-output>
        </test-method> <!-- CloseBrowser -->
      </class> <!-- testClass.LastClass -->
    </test> <!-- ChromeTest -->
    <test started-at="2022-05-28T23:22:10 IST" name="FirefoxTest" finished-at="2022-05-28T23:23:50 IST" duration-ms="99654">
      <class name="testClass.LastClass">
        <test-method is-config="true" signature="LaunchBrowser(java.lang.String)[pri:0, instance:testClass.LastClass@543588e6]" started-at="2022-05-28T23:22:10 IST" name="LaunchBrowser" finished-at="2022-05-28T23:22:20 IST" duration-ms="9817" status="PASS">
          <params>
            <param index="0">
              <value>
                <![CDATA[Firefox]]>
              </value>
            </param>
          </params>
          <reporter-output>
          </reporter-output>
        </test-method> <!-- LaunchBrowser -->
        <test-method is-config="true" signature="CreatePOMobjects()[pri:0, instance:testClass.LastClass@543588e6]" started-at="2022-05-28T23:22:20 IST" name="CreatePOMobjects" finished-at="2022-05-28T23:22:20 IST" duration-ms="3" status="PASS">
          <reporter-output>
          </reporter-output>
        </test-method> <!-- CreatePOMobjects -->
        <test-method is-config="true" signature="LogInToApplication()[pri:0, instance:testClass.LastClass@543588e6]" started-at="2022-05-28T23:22:20 IST" name="LogInToApplication" finished-at="2022-05-28T23:22:56 IST" duration-ms="36071" status="PASS">
          <reporter-output>
          </reporter-output>
        </test-method> <!-- LogInToApplication -->
        <test-method signature="VerifyFriendsTab()[pri:0, instance:testClass.LastClass@543588e6]" started-at="2022-05-28T23:22:56 IST" name="VerifyFriendsTab" finished-at="2022-05-28T23:22:57 IST" duration-ms="884" status="PASS">
          <reporter-output>
          </reporter-output>
        </test-method> <!-- VerifyFriendsTab -->
        <test-method is-config="true" signature="LogOutFromApplication(org.testng.ITestResult)[pri:0, instance:testClass.LastClass@543588e6]" started-at="2022-05-28T23:22:57 IST" name="LogOutFromApplication" finished-at="2022-05-28T23:23:04 IST" duration-ms="6710" status="PASS">
          <params>
            <param index="0">
              <value>
                <![CDATA[[TestResult name=VerifyFriendsTab status=SUCCESS method=LastClass.VerifyFriendsTab()[pri:0, instance:testClass.LastClass@543588e6] output={null}]]]>
              </value>
            </param>
          </params>
          <reporter-output>
          </reporter-output>
        </test-method> <!-- LogOutFromApplication -->
        <test-method is-config="true" signature="LogInToApplication()[pri:0, instance:testClass.LastClass@543588e6]" started-at="2022-05-28T23:23:04 IST" name="LogInToApplication" finished-at="2022-05-28T23:23:20 IST" duration-ms="15819" status="PASS">
          <reporter-output>
          </reporter-output>
        </test-method> <!-- LogInToApplication -->
        <test-method signature="VerifyWatchTab()[pri:0, instance:testClass.LastClass@543588e6]" started-at="2022-05-28T23:23:20 IST" name="VerifyWatchTab" finished-at="2022-05-28T23:23:24 IST" duration-ms="4634" status="FAIL">
          <exception class="java.lang.AssertionError">
            <message>
              <![CDATA[expected [https://www.facebook.com/friends] but found [https://www.facebook.com/]]]>
            </message>
            <full-stacktrace>
              <![CDATA[java.lang.AssertionError: expected [https://www.facebook.com/friends] but found [https://www.facebook.com/]
at org.testng.Assert.fail(Assert.java:99)
at org.testng.Assert.failNotEquals(Assert.java:1037)
at org.testng.Assert.assertEqualsImpl(Assert.java:140)
at org.testng.Assert.assertEquals(Assert.java:122)
at org.testng.Assert.assertEquals(Assert.java:629)
at org.testng.Assert.assertEquals(Assert.java:639)
at testClass.LastClass.VerifyWatchTab(LastClass.java:77)
at java.base/jdk.internal.reflect.NativeMethodAccessorImpl.invoke0(Native Method)
at java.base/jdk.internal.reflect.NativeMethodAccessorImpl.invoke(NativeMethodAccessorImpl.java:77)
at java.base/jdk.internal.reflect.DelegatingMethodAccessorImpl.invoke(DelegatingMethodAccessorImpl.java:43)
at java.base/java.lang.reflect.Method.invoke(Method.java:568)
at org.testng.internal.MethodInvocationHelper.invokeMethod(MethodInvocationHelper.java:133)
at org.testng.internal.TestInvoker.invokeMethod(TestInvoker.java:598)
at org.testng.internal.TestInvoker.invokeTestMethod(TestInvoker.java:173)
at org.testng.internal.MethodRunner.runInSequence(MethodRunner.java:46)
at org.testng.internal.TestInvoker$MethodInvocationAgent.invoke(TestInvoker.java:824)
at org.testng.internal.TestInvoker.invokeTestMethods(TestInvoker.java:146)
at org.testng.internal.TestMethodWorker.invokeTestMethods(TestMethodWorker.java:146)
at org.testng.internal.TestMethodWorker.run(TestMethodWorker.java:128)
at java.base/java.util.ArrayList.forEach(ArrayList.java:1511)
at org.testng.TestRunner.privateRun(TestRunner.java:794)
at org.testng.TestRunner.run(TestRunner.java:596)
at org.testng.SuiteRunner.runTest(SuiteRunner.java:377)
at org.testng.SuiteRunner.runSequentially(SuiteRunner.java:371)
at org.testng.SuiteRunner.privateRun(SuiteRunner.java:332)
at org.testng.SuiteRunner.run(SuiteRunner.java:276)
at org.testng.SuiteRunnerWorker.runSuite(SuiteRunnerWorker.java:53)
at org.testng.SuiteRunnerWorker.run(SuiteRunnerWorker.java:96)
at org.testng.TestNG.runSuitesSequentially(TestNG.java:1212)
at org.testng.TestNG.runSuitesLocally(TestNG.java:1134)
at org.testng.TestNG.runSuites(TestNG.java:1063)
at org.testng.TestNG.run(TestNG.java:1031)
at org.testng.remote.AbstractRemoteTestNG.run(AbstractRemoteTestNG.java:115)
at org.testng.remote.RemoteTestNG.initAndRun(RemoteTestNG.java:251)
at org.testng.remote.RemoteTestNG.main(RemoteTestNG.java:77)
]]>
            </full-stacktrace>
          </exception> <!-- java.lang.AssertionError -->
          <reporter-output>
          </reporter-output>
        </test-method> <!-- VerifyWatchTab -->
        <test-method is-config="true" signature="LogOutFromApplication(org.testng.ITestResult)[pri:0, instance:testClass.LastClass@543588e6]" started-at="2022-05-28T23:23:24 IST" name="LogOutFromApplication" finished-at="2022-05-28T23:23:29 IST" duration-ms="4517" status="PASS">
          <params>
            <param index="0">
              <value>
                <![CDATA[[TestResult name=VerifyWatchTab status=FAILURE method=LastClass.VerifyWatchTab()[pri:0, instance:testClass.LastClass@543588e6] output={null}]]]>
              </value>
            </param>
          </params>
          <reporter-output>
          </reporter-output>
        </test-method> <!-- LogOutFromApplication -->
        <test-method is-config="true" signature="ClearPOMobjects()[pri:0, instance:testClass.LastClass@543588e6]" started-at="2022-05-28T23:23:29 IST" name="ClearPOMobjects" finished-at="2022-05-28T23:23:29 IST" duration-ms="0" status="PASS">
          <reporter-output>
          </reporter-output>
        </test-method> <!-- ClearPOMobjects -->
        <test-method is-config="true" signature="CloseBrowser()[pri:0, instance:testClass.LastClass@543588e6]" started-at="2022-05-28T23:23:29 IST" name="CloseBrowser" finished-at="2022-05-28T23:23:50 IST" duration-ms="21151" status="PASS">
          <reporter-output>
          </reporter-output>
        </test-method> <!-- CloseBrowser -->
      </class> <!-- testClass.LastClass -->
    </test> <!-- FirefoxTest -->
  </suite> <!-- Suite -->
</testng-results>
